c:\users\hadiy\source\repos\ironclad\x64\debug\vc143.pdb
c:\users\hadiy\source\repos\ironclad\x64\debug\vc143.idb
c:\users\hadiy\source\repos\ironclad\x64\debug\scanner.obj
c:\users\hadiy\source\repos\ironclad\x64\debug\reader.obj
c:\users\hadiy\source\repos\ironclad\x64\debug\mainscanner.obj
c:\users\hadiy\source\repos\ironclad\x64\debug\mainreader.obj
c:\users\hadiy\source\repos\ironclad\x64\debug\compilers.obj
c:\users\hadiy\source\repos\ironclad\x64\debug\parser.obj
c:\users\hadiy\source\repos\ironclad\x64\debug\mainparser.obj
c:\users\hadiy\source\repos\ironclad\x64\debug\ironclad.exe
c:\users\hadiy\source\repos\ironclad\x64\debug\ironclad.ilk
c:\users\hadiy\source\repos\ironclad\x64\debug\ironclad.pdb
c:\users\hadiy\source\repos\ironclad\x64\debug\mainparser.new.obj.enc
c:\users\hadiy\source\repos\ironclad\x64\debug\mainscanner.new.obj.enc
c:\users\hadiy\source\repos\ironclad\x64\debug\parser.new.obj.enc
c:\users\hadiy\source\repos\ironclad\x64\debug\scanner.new.obj.enc
c:\users\hadiy\source\repos\ironclad\x64\debug\ironclad.tlog\cl.command.1.tlog
c:\users\hadiy\source\repos\ironclad\x64\debug\ironclad.tlog\cl.items.tlog
c:\users\hadiy\source\repos\ironclad\x64\debug\ironclad.tlog\cl.read.1.tlog
c:\users\hadiy\source\repos\ironclad\x64\debug\ironclad.tlog\cl.write.1.tlog
c:\users\hadiy\source\repos\ironclad\x64\debug\ironclad.tlog\link.command.1.tlog
c:\users\hadiy\source\repos\ironclad\x64\debug\ironclad.tlog\link.read.1.tlog
c:\users\hadiy\source\repos\ironclad\x64\debug\ironclad.tlog\link.write.1.tlog
